<?xml version="1.0" encoding="UTF-8"?>
<!-- Generated by org.testng.reporters.JUnitReportReporter -->
<testsuite skipped="0" hostname="Rakyesh-PC" name="division.TC_1" tests="1" failures="0" timestamp="16 Nov 2021 13:58:46 GMT" time="15.391" errors="0">
  <testcase name="f" time="15.391" classname="division.TC_1"/>
</testsuite> <!-- division.TC_1 -->
