<?xml version="1.0" encoding="UTF-8"?>
<!-- Generated by org.testng.reporters.JUnitReportReporter -->
<testsuite skipped="0" hostname="Rakyesh-PC" name="multiplication.TC_1" tests="1" failures="0" timestamp="19 Nov 2021 05:31:53 GMT" time="21.513" errors="0">
  <testcase name="f" time="21.513" classname="multiplication.TC_1"/>
</testsuite> <!-- multiplication.TC_1 -->
